#
# A fatal error has been detected by the Java Runtime Environment:
#
#  EXCEPTION_ACCESS_VIOLATION (0xc0000005) at pc=0x00007ffdd05aca03, pid=12164, tid=10352
#
# JRE version: Java(TM) SE Runtime Environment (8.0_77-b03) (build 1.8.0_77-b03)
# Java VM: Java HotSpot(TM) 64-Bit Server VM (25.77-b03 mixed mode windows-amd64 compressed oops)
# Problematic frame:
# C  [ig75icd64.dll+0x6ca03]
#
# Failed to write core dump. Minidumps are not enabled by default on client versions of Windows
#
# If you would like to submit a bug report, please visit:
#   http://bugreport.java.com/bugreport/crash.jsp
# The crash happened outside the Java Virtual Machine in native code.
# See problematic frame for where to report the bug.
#

---------------  T H R E A D  ---------------

Current thread (0x00000000024c3800):  JavaThread "Client thread" [_thread_in_native, id=10352, stack(0x0000000002380000,0x0000000002480000)]

siginfo: ExceptionCode=0xc0000005, reading address 0xffffffffffffffff

Registers:
RAX=0x0000000000000001, RBX=0x83485708245c8948, RCX=0x00000000231c0080, RDX=0x0000000000000000
RSP=0x000000000247d800, RBP=0x0000000000000000, RSI=0x00000000231c0080, RDI=0x0000000000000001
R8 =0x0000000000000001, R9 =0x0000000000000020, R10=0x00000000026a5e08, R11=0x00000000779996f0
R12=0x0000000000000000, R13=0x0000000028495d80, R14=0x000000000247d918, R15=0x00000000024c3800
RIP=0x00007ffdd05aca03, EFLAGS=0x0000000000010286

Top of Stack: (sp=0x000000000247d800)
0x000000000247d800:   00000000231c0080 00007ffdd08ede91
0x000000000247d810:   3dcccccd00000204 000000001f382b20
0x000000000247d820:   0000000000000000 00007ffdd05ad429
0x000000000247d830:   00000000231c0080 000000000247d918
0x000000000247d840:   000000000247d8e0 0000000000000001
0x000000000247d850:   0000000000000001 00000000026a5e34
0x000000000247d860:   0000000028495d80 0000000000008892
0x000000000247d870:   3fa9999980000000 0000000000000000
0x000000000247d880:   00007ffdd0a31eb0 0000000000000000
0x000000000247d890:   000000000247d8f0 0000000002697a70
0x000000000247d8a0:   000000000247d8a0 0000000000000000
0x000000000247d8b0:   000000000247d918 0000000028498fa8
0x000000000247d8c0:   0000000000000000 0000000028495d80
0x000000000247d8d0:   0000000000000000 000000000247d900
0x000000000247d8e0:   000000000247d960 0000000002697ced
0x000000000247d8f0:   0000000789c2c8f8 000000000269f978 

Instructions: (pc=0x00007ffdd05aca03)
0x00007ffdd05ac9e3:   00 e9 ef 00 00 00 48 8b 99 d8 47 02 00 8b 43 10
0x00007ffdd05ac9f3:   48 8b 5b 28 48 23 c7 48 8b 1c c3 48 85 db 74 0d
0x00007ffdd05aca03:   39 7b 08 74 5c 48 8b 1b 48 85 db 75 f3 33 db 48
0x00007ffdd05aca13:   85 db 0f 85 99 00 00 00 38 99 77 ff 06 00 75 08 


Register to memory mapping:

RAX=0x0000000000000001 is an unknown value
RBX=0x83485708245c8948 is an unknown value
RCX=0x00000000231c0080 is an unknown value
RDX=0x0000000000000000 is an unknown value
RSP=0x000000000247d800 is pointing into the stack for thread: 0x00000000024c3800
RBP=0x0000000000000000 is an unknown value
RSI=0x00000000231c0080 is an unknown value
RDI=0x0000000000000001 is an unknown value
R8 =0x0000000000000001 is an unknown value
R9 =0x0000000000000020 is an unknown value
R10=0x00000000026a5e08 is at code_begin+840 in an Interpreter codelet
method entry point (kind = native)  [0x00000000026a5ac0, 0x00000000026a6420]  2400 bytes
R11=0x00000000779996f0 is an unknown value
R12=0x0000000000000000 is an unknown value
R13={method} {0x0000000028495d88} 'nglBindBuffer' '(IIJ)V' in 'org/lwjgl/opengl/GL15'
R14=0x000000000247d918 is pointing into the stack for thread: 0x00000000024c3800
R15=0x00000000024c3800 is a thread


Stack: [0x0000000002380000,0x0000000002480000],  sp=0x000000000247d800,  free space=1014k
Native frames: (J=compiled Java code, j=interpreted, Vv=VM code, C=native code)

Java frames: (J=compiled Java code, j=interpreted, Vv=VM code)
j  org.lwjgl.opengl.GL15.nglBindBuffer(IIJ)V+0
j  org.lwjgl.opengl.GL15.glBindBuffer(II)V+22
j  com.mia.craftstudio.minecraft.client.CSClientModelWrapperVBO.renderWithVBO(Lcom/mia/craftstudio/minecraft/client/CSClientModelWrapperVBO$RenderingObject;Lnet/minecraft/tileentity/TileEntity;FI)V+91
j  com.mia.craftstudio.minecraft.client.CSClientModelWrapperVBO.render(Lnet/minecraft/tileentity/TileEntity;FIDDDF)V+165
j  com.mia.props.client.renderers.RendererProp.func_147500_a(Lnet/minecraft/tileentity/TileEntity;DDDF)V+67
j  net.minecraft.client.renderer.tileentity.TileEntityRendererDispatcher.func_147549_a(Lnet/minecraft/tileentity/TileEntity;DDDF)V+22
J 12327 C1 net.minecraft.client.renderer.tileentity.TileEntityRendererDispatcher.func_147544_a(Lnet/minecraft/tileentity/TileEntity;F)V (114 bytes) @ 0x00000000047bd5d4 [0x00000000047bcd60+0x874]
j  net.minecraft.client.renderer.RenderGlobal.func_147589_a(Lnet/minecraft/entity/EntityLivingBase;Lnet/minecraft/client/renderer/culling/ICamera;F)V+857
J 12742 C1 net.minecraft.client.renderer.EntityRenderer.func_78471_a(FJ)V (1575 bytes) @ 0x0000000004a797dc [0x0000000004a72260+0x757c]
J 12075 C2 net.minecraft.client.renderer.EntityRenderer.func_78480_b(F)V (874 bytes) @ 0x00000000046d1858 [0x00000000046cffa0+0x18b8]
J 12272 C1 net.minecraft.client.Minecraft.func_71411_J()V (773 bytes) @ 0x000000000478ac94 [0x0000000004788a20+0x2274]
j  net.minecraft.client.Minecraft.func_99999_d()V+61
j  net.minecraft.client.main.Main.main([Ljava/lang/String;)V+1012
v  ~StubRoutines::call_stub
j  sun.reflect.NativeMethodAccessorImpl.invoke0(Ljava/lang/reflect/Method;Ljava/lang/Object;[Ljava/lang/Object;)Ljava/lang/Object;+0
j  sun.reflect.NativeMethodAccessorImpl.invoke(Ljava/lang/Object;[Ljava/lang/Object;)Ljava/lang/Object;+100
J 2700 C1 sun.reflect.DelegatingMethodAccessorImpl.invoke(Ljava/lang/Object;[Ljava/lang/Object;)Ljava/lang/Object; (10 bytes) @ 0x00000000030a858c [0x00000000030a8480+0x10c]
J 2699 C1 java.lang.reflect.Method.invoke(Ljava/lang/Object;[Ljava/lang/Object;)Ljava/lang/Object; (62 bytes) @ 0x00000000030a7fac [0x00000000030a7bc0+0x3ec]
j  net.minecraft.launchwrapper.Launch.launch([Ljava/lang/String;)V+664
j  net.minecraft.launchwrapper.Launch.main([Ljava/lang/String;)V+8
v  ~StubRoutines::call_stub

---------------  P R O C E S S  ---------------

Java Threads: ( => current thread )
  0x00000000212ae800 JavaThread "Keep-Alive-Timer" daemon [_thread_blocked, id=8792, stack(0x00000000269f0000,0x0000000026af0000)]
  0x00000000212ab000 JavaThread "pool-4-thread-2" [_thread_blocked, id=12000, stack(0x00000000268f0000,0x00000000269f0000)]
  0x000000001f647000 JavaThread "Netty Client IO #1" daemon [_thread_in_native, id=11548, stack(0x00000000292e0000,0x00000000293e0000)]
  0x000000001c3d0800 JavaThread "Netty Client IO #0" daemon [_thread_in_native, id=12552, stack(0x0000000028f00000,0x0000000029000000)]
  0x000000001c3cc000 JavaThread "Thread-23" daemon [_thread_in_native, id=8884, stack(0x0000000028e00000,0x0000000028f00000)]
  0x000000001c3cf000 JavaThread "Server Pinger #0" daemon [_thread_blocked, id=2172, stack(0x0000000028d00000,0x0000000028e00000)]
  0x000000001c3cd800 JavaThread "Thread-21" [_thread_blocked, id=9248, stack(0x0000000033430000,0x0000000033530000)]
  0x000000001c3cd000 JavaThread "Thread-20" [_thread_blocked, id=12256, stack(0x0000000032180000,0x0000000032280000)]
  0x000000001c3ca000 JavaThread "Client Stream Updater" [_thread_blocked, id=4488, stack(0x000000003cdd0000,0x000000003ced0000)]
  0x000000001f645800 JavaThread "Client Stream Queue" [_thread_blocked, id=10260, stack(0x000000003c790000,0x000000003c890000)]
  0x000000001f642800 JavaThread "LWJGL Timer" daemon [_thread_blocked, id=1240, stack(0x000000002b1f0000,0x000000002b2f0000)]
  0x000000001f640800 JavaThread "Timer hack thread" daemon [_thread_blocked, id=7460, stack(0x000000001ea90000,0x000000001eb90000)]
  0x000000001f642000 JavaThread "Snooper Timer" daemon [_thread_blocked, id=3444, stack(0x000000001e020000,0x000000001e120000)]
  0x000000001c0bd800 JavaThread "AWT-Windows" daemon [_thread_in_native, id=8736, stack(0x000000001e120000,0x000000001e220000)]
  0x000000001c0bc000 JavaThread "Java2D Disposer" daemon [_thread_blocked, id=11716, stack(0x000000001dd00000,0x000000001de00000)]
  0x000000001985d000 JavaThread "Service Thread" daemon [_thread_blocked, id=7332, stack(0x000000001b540000,0x000000001b640000)]
  0x0000000019859800 JavaThread "C1 CompilerThread2" daemon [_thread_blocked, id=7056, stack(0x000000001b440000,0x000000001b540000)]
  0x0000000019805000 JavaThread "C2 CompilerThread1" daemon [_thread_in_native, id=8652, stack(0x000000001af40000,0x000000001b040000)]
  0x0000000019803000 JavaThread "C2 CompilerThread0" daemon [_thread_blocked, id=6424, stack(0x000000001ae40000,0x000000001af40000)]
  0x0000000019801800 JavaThread "Attach Listener" daemon [_thread_blocked, id=6592, stack(0x000000001ad40000,0x000000001ae40000)]
  0x0000000019800000 JavaThread "Signal Dispatcher" daemon [_thread_blocked, id=11648, stack(0x000000001ac40000,0x000000001ad40000)]
  0x00000000197ea800 JavaThread "Finalizer" daemon [_thread_blocked, id=5968, stack(0x000000001aa50000,0x000000001ab50000)]
  0x00000000025b2000 JavaThread "Reference Handler" daemon [_thread_blocked, id=292, stack(0x000000001a950000,0x000000001aa50000)]
=>0x00000000024c3800 JavaThread "Client thread" [_thread_in_native, id=10352, stack(0x0000000002380000,0x0000000002480000)]

Other Threads:
  0x00000000197c8000 VMThread [stack: 0x000000001a850000,0x000000001a950000] [id=11092]
  0x000000001b08d800 WatcherThread [stack: 0x000000001b640000,0x000000001b740000] [id=1444]

VM state:not at safepoint (normal execution)

VM Mutex/Monitor currently owned by a thread: None

Heap:
 PSYoungGen      total 862208K, used 338441K [0x0000000780000000, 0x00000007c0000000, 0x00000007c0000000)
  eden space 670720K, 50% used [0x0000000780000000,0x0000000794a825f0,0x00000007a8f00000)
  from space 191488K, 0% used [0x00000007b4500000,0x00000007b4500000,0x00000007c0000000)
  to   space 186368K, 0% used [0x00000007a8f00000,0x00000007a8f00000,0x00000007b4500000)
 ParOldGen       total 2097152K, used 557908K [0x0000000700000000, 0x0000000780000000, 0x0000000780000000)
  object space 2097152K, 26% used [0x0000000700000000,0x00000007220d5098,0x0000000780000000)
 Metaspace       used 88293K, capacity 88941K, committed 89816K, reserved 1126400K
  class space    used 12625K, capacity 12792K, committed 12800K, reserved 1048576K

Card table byte_map: [0x0000000011a50000,0x0000000012060000] byte_map_base: 0x000000000e250000

Marking Bits: (ParMarkBitMap*) 0x0000000077f80600
 Begin Bits: [0x0000000012860000, 0x0000000015860000)
 End Bits:   [0x0000000015860000, 0x0000000018860000)

Polling page: 0x0000000000a80000

CodeCache: size=245760Kb used=42528Kb max_used=44687Kb free=203231Kb
 bounds [0x0000000002690000, 0x00000000052c0000, 0x0000000011690000]
 total_blobs=11496 nmethods=10337 adapters=1067
 compilation: enabled

Compilation events (10 events):
Event: 415.391 Thread 0x0000000019859800 14825       3       net.minecraft.tileentity.TileEntity::func_70296_d (84 bytes)
Event: 415.393 Thread 0x0000000019859800 nmethod 14825 0x0000000004654b50 code [0x0000000004654d60, 0x0000000004655d48]
Event: 415.398 Thread 0x0000000019859800 14826       2       net.minecraft.block.BlockStairs::func_149734_b (15 bytes)
Event: 415.398 Thread 0x0000000019859800 nmethod 14826 0x00000000045ba490 code [0x00000000045ba600, 0x00000000045ba788]
Event: 415.401 Thread 0x0000000019859800 14827       3       net.minecraft.client.renderer.RenderBlocks::func_147735_a (468 bytes)
Event: 415.403 Thread 0x0000000019859800 nmethod 14827 0x000000000302bd50 code [0x000000000302c140, 0x000000000302d388]
Event: 415.422 Thread 0x0000000019859800 14828       3       net.minecraft.client.model.ModelRenderer::func_78794_c (192 bytes)
Event: 415.425 Thread 0x0000000019859800 nmethod 14828 0x0000000004565a50 code [0x0000000004565ee0, 0x0000000004568568]
Event: 415.430 Thread 0x0000000019859800 14829       1       org.apache.logging.log4j.message.ParameterizedMessage::getThrowable (5 bytes)
Event: 415.431 Thread 0x0000000019859800 nmethod 14829 0x00000000045ba150 code [0x00000000045ba2a0, 0x00000000045ba3b0]

GC Heap History (10 events):
Event: 409.394 GC heap before
{Heap before GC invocations=36 (full 6):
 PSYoungGen      total 852992K, used 36527K [0x0000000780000000, 0x00000007c0000000, 0x00000007c0000000)
  eden space 647168K, 0% used [0x0000000780000000,0x0000000780000000,0x00000007a7800000)
  from space 205824K, 17% used [0x00000007b3700000,0x00000007b5aabc50,0x00000007c0000000)
  to   space 195584K, 0% used [0x00000007a7800000,0x00000007a7800000,0x00000007b3700000)
 ParOldGen       total 2097152K, used 535361K [0x0000000700000000, 0x0000000780000000, 0x0000000780000000)
  object space 2097152K, 25% used [0x0000000700000000,0x0000000720ad06e8,0x0000000780000000)
 Metaspace       used 87651K, capacity 88239K, committed 89304K, reserved 1126400K
  class space    used 12527K, capacity 12691K, committed 12800K, reserved 1048576K
Event: 411.571 GC heap after
Heap after GC invocations=36 (full 6):
 PSYoungGen      total 852992K, used 0K [0x0000000780000000, 0x00000007c0000000, 0x00000007c0000000)
  eden space 647168K, 0% used [0x0000000780000000,0x0000000780000000,0x00000007a7800000)
  from space 205824K, 0% used [0x00000007b3700000,0x00000007b3700000,0x00000007c0000000)
  to   space 195584K, 0% used [0x00000007a7800000,0x00000007a7800000,0x00000007b3700000)
 ParOldGen       total 2097152K, used 554807K [0x0000000700000000, 0x0000000780000000, 0x0000000780000000)
  object space 2097152K, 26% used [0x0000000700000000,0x0000000721dcdc88,0x0000000780000000)
 Metaspace       used 87651K, capacity 88239K, committed 89304K, reserved 1126400K
  class space    used 12527K, capacity 12691K, committed 12800K, reserved 1048576K
}
Event: 411.622 GC heap before
{Heap before GC invocations=37 (full 6):
 PSYoungGen      total 852992K, used 23324K [0x0000000780000000, 0x00000007c0000000, 0x00000007c0000000)
  eden space 647168K, 3% used [0x0000000780000000,0x00000007816c7188,0x00000007a7800000)
  from space 205824K, 0% used [0x00000007b3700000,0x00000007b3700000,0x00000007c0000000)
  to   space 195584K, 0% used [0x00000007a7800000,0x00000007a7800000,0x00000007b3700000)
 ParOldGen       total 2097152K, used 554807K [0x0000000700000000, 0x0000000780000000, 0x0000000780000000)
  object space 2097152K, 26% used [0x0000000700000000,0x0000000721dcdc88,0x0000000780000000)
 Metaspace       used 87665K, capacity 88309K, committed 89304K, reserved 1126400K
  class space    used 12527K, capacity 12692K, committed 12800K, reserved 1048576K
Event: 411.628 GC heap after
Heap after GC invocations=37 (full 6):
 PSYoungGen      total 842752K, used 2698K [0x0000000780000000, 0x00000007c0000000, 0x00000007c0000000)
  eden space 647168K, 0% used [0x0000000780000000,0x0000000780000000,0x00000007a7800000)
  from space 195584K, 1% used [0x00000007a7800000,0x00000007a7aa2ab0,0x00000007b3700000)
  to   space 191488K, 0% used [0x00000007b4500000,0x00000007b4500000,0x00000007c0000000)
 ParOldGen       total 2097152K, used 554815K [0x0000000700000000, 0x0000000780000000, 0x0000000780000000)
  object space 2097152K, 26% used [0x0000000700000000,0x0000000721dcfc88,0x0000000780000000)
 Metaspace       used 87665K, capacity 88309K, committed 89304K, reserved 1126400K
  class space    used 12527K, capacity 12692K, committed 12800K, reserved 1048576K
}
Event: 411.628 GC heap before
{Heap before GC invocations=38 (full 7):
 PSYoungGen      total 842752K, used 2698K [0x0000000780000000, 0x00000007c0000000, 0x00000007c0000000)
  eden space 647168K, 0% used [0x0000000780000000,0x0000000780000000,0x00000007a7800000)
  from space 195584K, 1% used [0x00000007a7800000,0x00000007a7aa2ab0,0x00000007b3700000)
  to   space 191488K, 0% used [0x00000007b4500000,0x00000007b4500000,0x00000007c0000000)
 ParOldGen       total 2097152K, used 554815K [0x0000000700000000, 0x0000000780000000, 0x0000000780000000)
  object space 2097152K, 26% used [0x0000000700000000,0x0000000721dcfc88,0x0000000780000000)
 Metaspace       used 87665K, capacity 88309K, committed 89304K, reserved 1126400K
  class space    used 12527K, capacity 12692K, committed 12800K, reserved 1048576K
Event: 412.778 GC heap after
Heap after GC invocations=38 (full 7):
 PSYoungGen      total 842752K, used 0K [0x0000000780000000, 0x00000007c0000000, 0x00000007c0000000)
  eden space 647168K, 0% used [0x0000000780000000,0x0000000780000000,0x00000007a7800000)
  from space 195584K, 0% used [0x00000007a7800000,0x00000007a7800000,0x00000007b3700000)
  to   space 191488K, 0% used [0x00000007b4500000,0x00000007b4500000,0x00000007c0000000)
 ParOldGen       total 2097152K, used 556091K [0x0000000700000000, 0x0000000780000000, 0x0000000780000000)
  object space 2097152K, 26% used [0x0000000700000000,0x0000000721f0ed30,0x0000000780000000)
 Metaspace       used 87665K, capacity 88309K, committed 89304K, reserved 1126400K
  class space    used 12527K, capacity 12692K, committed 12800K, reserved 1048576K
}
Event: 412.862 GC heap before
{Heap before GC invocations=39 (full 7):
 PSYoungGen      total 842752K, used 23988K [0x0000000780000000, 0x00000007c0000000, 0x00000007c0000000)
  eden space 647168K, 3% used [0x0000000780000000,0x000000078176d210,0x00000007a7800000)
  from space 195584K, 0% used [0x00000007a7800000,0x00000007a7800000,0x00000007b3700000)
  to   space 191488K, 0% used [0x00000007b4500000,0x00000007b4500000,0x00000007c0000000)
 ParOldGen       total 2097152K, used 556091K [0x0000000700000000, 0x0000000780000000, 0x0000000780000000)
  object space 2097152K, 26% used [0x0000000700000000,0x0000000721f0ed30,0x0000000780000000)
 Metaspace       used 87683K, capacity 88315K, committed 89304K, reserved 1126400K
  class space    used 12528K, capacity 12693K, committed 12800K, reserved 1048576K
Event: 412.868 GC heap after
Heap after GC invocations=39 (full 7):
 PSYoungGen      total 862208K, used 2501K [0x0000000780000000, 0x00000007c0000000, 0x00000007c0000000)
  eden space 670720K, 0% used [0x0000000780000000,0x0000000780000000,0x00000007a8f00000)
  from space 191488K, 1% used [0x00000007b4500000,0x00000007b4771610,0x00000007c0000000)
  to   space 186368K, 0% used [0x00000007a8f00000,0x00000007a8f00000,0x00000007b4500000)
 ParOldGen       total 2097152K, used 556099K [0x0000000700000000, 0x0000000780000000, 0x0000000780000000)
  object space 2097152K, 26% used [0x0000000700000000,0x0000000721f10d30,0x0000000780000000)
 Metaspace       used 87683K, capacity 88315K, committed 89304K, reserved 1126400K
  class space    used 12528K, capacity 12693K, committed 12800K, reserved 1048576K
}
Event: 412.868 GC heap before
{Heap before GC invocations=40 (full 8):
 PSYoungGen      total 862208K, used 2501K [0x0000000780000000, 0x00000007c0000000, 0x00000007c0000000)
  eden space 670720K, 0% used [0x0000000780000000,0x0000000780000000,0x00000007a8f00000)
  from space 191488K, 1% used [0x00000007b4500000,0x00000007b4771610,0x00000007c0000000)
  to   space 186368K, 0% used [0x00000007a8f00000,0x00000007a8f00000,0x00000007b4500000)
 ParOldGen       total 2097152K, used 556099K [0x0000000700000000, 0x0000000780000000, 0x0000000780000000)
  object space 2097152K, 26% used [0x0000000700000000,0x0000000721f10d30,0x0000000780000000)
 Metaspace       used 87683K, capacity 88315K, committed 89304K, reserved 1126400K
  class space    used 12528K, capacity 12693K, committed 12800K, reserved 1048576K
Event: 413.865 GC heap after
Heap after GC invocations=40 (full 8):
 PSYoungGen      total 862208K, used 0K [0x0000000780000000, 0x00000007c0000000, 0x00000007c0000000)
  eden space 670720K, 0% used [0x0000000780000000,0x0000000780000000,0x00000007a8f00000)
  from space 191488K, 0% used [0x00000007b4500000,0x00000007b4500000,0x00000007c0000000)
  to   space 186368K, 0% used [0x00000007a8f00000,0x00000007a8f00000,0x00000007b4500000)
 ParOldGen       total 2097152K, used 557908K [0x0000000700000000, 0x0000000780000000, 0x0000000780000000)
  object space 2097152K, 26% used [0x0000000700000000,0x00000007220d5098,0x0000000780000000)
 Metaspace       used 87683K, capacity 88315K, committed 89304K, reserved 1126400K
  class space    used 12528K, capacity 12693K, committed 12800K, reserved 1048576K
}

Deoptimization events (10 events):
Event: 415.045 Thread 0x00000000024c3800 Uncommon trap: reason=unstable_if action=reinterpret pc=0x0000000005087990 method=net.minecraft.tileentity.TileEntity.func_145838_q()Lnet/minecraft/block/Block; @ 4
Event: 415.045 Thread 0x00000000024c3800 Uncommon trap: reason=class_check action=maybe_recompile pc=0x0000000005085350 method=net.minecraft.client.renderer.tileentity.TileEntityRendererDispatcher.func_147546_a(Ljava/lang/Class;)Lnet/minecraft/client/renderer/tileentity/TileEntitySpecialRenderer;	áD»ðy@
Event: 415.046 Thread 0x00000000024c3800 Uncommon trap: reason=class_check action=maybe_recompile pc=0x0000000005085350 method=net.minecraft.client.renderer.tileentity.TileEntityRendererDispatcher.func_147546_a(Ljava/lang/Class;)Lnet/minecraft/client/renderer/tileentity/TileEntitySpecialRenderer;_Éqy»ðy@
Event: 415.046 Thread 0x00000000024c3800 Uncommon trap: reason=class_check action=maybe_recompile pc=0x0000000005085350 method=net.minecraft.client.renderer.tileentity.TileEntityRendererDispatcher.func_147546_a(Ljava/lang/Class;)Lnet/minecraft/client/renderer/tileentity/TileEntitySpecialRenderer;¿'¥Íõðy@
Event: 415.060 Thread 0x00000000024c3800 Uncommon trap: reason=unstable_if action=reinterpret pc=0x0000000004ecb8a8 method=net.minecraft.client.renderer.tileentity.TileEntitySignRenderer.func_147500_a(Lnet/minecraft/tileentity/TileEntitySign;DDDF)V @ 93
Event: 415.060 Thread 0x00000000024c3800 Uncommon trap: reason=unstable_if action=reinterpret pc=0x0000000004991630 method=fyber.redstonepastemod.client.RedstonePasteHighlighter.HighlightHandler(Lnet/minecraftforge/client/event/DrawBlockHighlightEvent;)V @ 150
Event: 415.063 Thread 0x00000000024c3800 Uncommon trap: reason=unstable_if action=reinterpret pc=0x00000000041e46dc method=net.minecraft.world.chunk.storage.ExtendedBlockStorage.func_150819_a(III)Lnet/minecraft/block/Block; @ 25
Event: 415.066 Thread 0x00000000024c3800 Uncommon trap: reason=unstable_if action=reinterpret pc=0x00000000043ae358 method=com.mia.props.events.ClientEventHandler.onClientTick(Lcpw/mods/fml/common/gameevent/TickEvent$ClientTickEvent;)V @ 42
Event: 415.225 Thread 0x00000000024c3800 Uncommon trap: reason=unstable_if action=reinterpret pc=0x0000000004627a44 method=net.minecraft.entity.player.InventoryPlayer.func_70429_k()V @ 17
Event: 415.233 Thread 0x00000000024c3800 Uncommon trap: reason=unstable_if action=reinterpret pc=0x0000000003c61fcc method=com.mia.props.events.ClientEventHandler.onClientTick(Lcpw/mods/fml/common/gameevent/TickEvent$ClientTickEvent;)V @ 42

Internal exceptions (10 events):
Event: 415.383 Thread 0x000000001c3cd000 Exception <a 'java/lang/InterruptedException': sleep interrupted> (0x000000079087da18) thrown at [D:\re\workspace\8-2-build-windows-amd64-cygwin\jdk8u77\6540\hotspot\src\share\vm\prims\jvm.cpp, line 3215]
Event: 415.383 Thread 0x000000001c3cd000 Exception <a 'java/lang/InterruptedException': sleep interrupted> (0x000000079087dc70) thrown at [D:\re\workspace\8-2-build-windows-amd64-cygwin\jdk8u77\6540\hotspot\src\share\vm\prims\jvm.cpp, line 3215]
Event: 415.383 Thread 0x000000001c3cd000 Exception <a 'java/lang/InterruptedException': sleep interrupted> (0x000000079087dec8) thrown at [D:\re\workspace\8-2-build-windows-amd64-cygwin\jdk8u77\6540\hotspot\src\share\vm\prims\jvm.cpp, line 3215]
Event: 415.393 Thread 0x000000001c3cd000 Exception <a 'java/lang/InterruptedException': sleep interrupted> (0x000000079087e120) thrown at [D:\re\workspace\8-2-build-windows-amd64-cygwin\jdk8u77\6540\hotspot\src\share\vm\prims\jvm.cpp, line 3215]
Event: 415.393 Thread 0x000000001c3cd000 Exception <a 'java/lang/InterruptedException': sleep interrupted> (0x000000079087e378) thrown at [D:\re\workspace\8-2-build-windows-amd64-cygwin\jdk8u77\6540\hotspot\src\share\vm\prims\jvm.cpp, line 3215]
Event: 415.395 Thread 0x000000001c3cd000 Exception <a 'java/lang/InterruptedException': sleep interrupted> (0x000000079087e5d0) thrown at [D:\re\workspace\8-2-build-windows-amd64-cygwin\jdk8u77\6540\hotspot\src\share\vm\prims\jvm.cpp, line 3215]
Event: 415.395 Thread 0x000000001c3cd000 Exception <a 'java/lang/InterruptedException': sleep interrupted> (0x000000079087e828) thrown at [D:\re\workspace\8-2-build-windows-amd64-cygwin\jdk8u77\6540\hotspot\src\share\vm\prims\jvm.cpp, line 3167]
Event: 415.397 Thread 0x000000001c3cd000 Exception <a 'java/lang/InterruptedException': sleep interrupted> (0x000000079087ea80) thrown at [D:\re\workspace\8-2-build-windows-amd64-cygwin\jdk8u77\6540\hotspot\src\share\vm\prims\jvm.cpp, line 3215]
Event: 415.397 Thread 0x000000001c3cd000 Exception <a 'java/lang/InterruptedException': sleep interrupted> (0x000000079087ecd8) thrown at [D:\re\workspace\8-2-build-windows-amd64-cygwin\jdk8u77\6540\hotspot\src\share\vm\prims\jvm.cpp, line 3167]
Event: 415.398 Thread 0x000000001c3cd000 Exception <a 'java/lang/InterruptedException': sleep interrupted> (0x000000079087ef30) thrown at [D:\re\workspace\8-2-build-windows-amd64-cygwin\jdk8u77\6540\hotspot\src\share\vm\prims\jvm.cpp, line 3215]

Events (10 events):
Event: 415.284 loading class noppes/npcs/constants/EnumScriptType
Event: 415.284 loading class noppes/npcs/constants/EnumScriptType done
Event: 415.321 Thread 0x00000000024c3800 DEOPT PACKING pc=0x0000000004edcaac sp=0x000000000247dce0
Event: 415.321 Thread 0x00000000024c3800 DEOPT UNPACKING pc=0x00000000026d787f sp=0x000000000247da50 mode 0
Event: 415.338 Thread 0x00000000212b1800 Thread added: 0x00000000212b1800
Event: 415.355 Executing VM operation: RevokeBias
Event: 415.356 Executing VM operation: RevokeBias done
Event: 415.401 Thread 0x00000000024c3800 DEOPT PACKING pc=0x0000000004edcaac sp=0x000000000247dce0
Event: 415.401 Thread 0x00000000024c3800 DEOPT UNPACKING pc=0x00000000026d787f sp=0x000000000247da50 mode 0
Event: 415.421 Thread 0x00000000212b5800 Thread added: 0x00000000212b5800


Dynamic libraries:
0x00007ff6fde50000 - 0x00007ff6fde87000 	C:\Program Files\Java\jre1.8.0_77\bin\javaw.exe
0x00007ffdf69d0000 - 0x00007ffdf6b7d000 	C:\WINDOWS\SYSTEM32\ntdll.dll
0x00007ffdf6480000 - 0x00007ffdf65be000 	C:\WINDOWS\system32\KERNEL32.DLL
0x00007ffdf3ca0000 - 0x00007ffdf3db5000 	C:\WINDOWS\system32\KERNELBASE.dll
0x00007ffdf26c0000 - 0x00007ffdf274e000 	C:\WINDOWS\system32\apphelp.dll
0x00007ffde3c50000 - 0x00007ffde3ca3000 	C:\WINDOWS\AppPatch\AppPatch64\AcGenral.DLL
0x00007ffdf4640000 - 0x00007ffdf46ea000 	C:\WINDOWS\system32\msvcrt.dll
0x00007ffdf3950000 - 0x00007ffdf397e000 	C:\WINDOWS\SYSTEM32\SspiCli.dll
0x00007ffdf61e0000 - 0x00007ffdf6234000 	C:\WINDOWS\system32\SHLWAPI.dll
0x00007ffdf67f0000 - 0x00007ffdf6967000 	C:\WINDOWS\system32\USER32.dll
0x00007ffdf5e40000 - 0x00007ffdf5fd4000 	C:\WINDOWS\system32\ole32.dll
0x00007ffdf4910000 - 0x00007ffdf5e3a000 	C:\WINDOWS\system32\SHELL32.dll
0x00007ffdf3120000 - 0x00007ffdf3141000 	C:\WINDOWS\SYSTEM32\USERENV.dll
0x00007ffdf4260000 - 0x00007ffdf430a000 	C:\WINDOWS\system32\ADVAPI32.dll
0x00007ffdeb0f0000 - 0x00007ffdeb10e000 	C:\WINDOWS\SYSTEM32\MPR.dll
0x00007ffdf62d0000 - 0x00007ffdf6411000 	C:\WINDOWS\system32\RPCRT4.dll
0x00007ffdf43e0000 - 0x00007ffdf4439000 	C:\WINDOWS\SYSTEM32\sechost.dll
0x00007ffdf65c0000 - 0x00007ffdf67d1000 	C:\WINDOWS\SYSTEM32\combase.dll
0x00007ffdf4110000 - 0x00007ffdf4260000 	C:\WINDOWS\system32\GDI32.dll
0x00007ffdf3b20000 - 0x00007ffdf3b35000 	C:\WINDOWS\SYSTEM32\profapi.dll
0x00007ffdf2070000 - 0x00007ffdf2122000 	C:\WINDOWS\SYSTEM32\SHCORE.dll
0x00007ffdf4440000 - 0x00007ffdf4476000 	C:\WINDOWS\system32\IMM32.DLL
0x00007ffdf46f0000 - 0x00007ffdf4842000 	C:\WINDOWS\system32\MSCTF.dll
0x00007ffdf1bf0000 - 0x00007ffdf1e6b000 	C:\WINDOWS\WinSxS\amd64_microsoft.windows.common-controls_6595b64144ccf1df_6.0.9600.18006_none_623f33d3ecbe86e8\COMCTL32.dll
0x00000000512e0000 - 0x00000000513b2000 	C:\Program Files\Java\jre1.8.0_77\bin\msvcr100.dll
0x0000000077770000 - 0x0000000078000000 	C:\Program Files\Java\jre1.8.0_77\bin\server\jvm.dll
0x00007ffdea650000 - 0x00007ffdea659000 	C:\WINDOWS\SYSTEM32\WSOCK32.dll
0x00007ffdf16f0000 - 0x00007ffdf1712000 	C:\WINDOWS\SYSTEM32\WINMM.dll
0x00007ffdf1720000 - 0x00007ffdf172a000 	C:\WINDOWS\SYSTEM32\VERSION.dll
0x00007ffdf5fe0000 - 0x00007ffdf5fe7000 	C:\WINDOWS\system32\PSAPI.DLL
0x00007ffdf6420000 - 0x00007ffdf647a000 	C:\WINDOWS\system32\WS2_32.dll
0x00007ffdf1340000 - 0x00007ffdf136a000 	C:\WINDOWS\SYSTEM32\WINMMBASE.dll
0x00007ffdf4480000 - 0x00007ffdf4489000 	C:\WINDOWS\system32\NSI.dll
0x00007ffdf3dc0000 - 0x00007ffdf3e0f000 	C:\WINDOWS\SYSTEM32\cfgmgr32.dll
0x00007ffdf27f0000 - 0x00007ffdf2818000 	C:\WINDOWS\SYSTEM32\DEVOBJ.dll
0x0000000052a00000 - 0x0000000052a0f000 	C:\Program Files\Java\jre1.8.0_77\bin\verify.dll
0x00000000512b0000 - 0x00000000512d9000 	C:\Program Files\Java\jre1.8.0_77\bin\java.dll
0x00000000529e0000 - 0x00000000529f6000 	C:\Program Files\Java\jre1.8.0_77\bin\zip.dll
0x0000000051260000 - 0x000000005126d000 	C:\Program Files\Java\jre1.8.0_77\bin\management.dll
0x0000000051290000 - 0x00000000512aa000 	C:\Program Files\Java\jre1.8.0_77\bin\net.dll
0x00007ffdf3390000 - 0x00007ffdf33e9000 	C:\WINDOWS\system32\mswsock.dll
0x0000000051270000 - 0x0000000051281000 	C:\Program Files\Java\jre1.8.0_77\bin\nio.dll
0x00007ffde5730000 - 0x00007ffde5745000 	C:\WINDOWS\system32\napinsp.dll
0x00007ffde5750000 - 0x00007ffde576a000 	C:\WINDOWS\system32\pnrpnsp.dll
0x00007ffdf08f0000 - 0x00007ffdf090b000 	C:\WINDOWS\system32\NLAapi.dll
0x00007ffdf3150000 - 0x00007ffdf31f4000 	C:\WINDOWS\SYSTEM32\DNSAPI.dll
0x00007ffde99d0000 - 0x00007ffde99dd000 	C:\WINDOWS\System32\winrnr.dll
0x00007ffde5770000 - 0x00007ffde5784000 	C:\WINDOWS\system32\wshbth.dll
0x00007ffdefb70000 - 0x00007ffdefb9a000 	C:\WINDOWS\SYSTEM32\IPHLPAPI.DLL
0x00007ffdefb00000 - 0x00007ffdefb0a000 	C:\WINDOWS\SYSTEM32\WINNSI.DLL
0x00007ffdef620000 - 0x00007ffdef68b000 	C:\WINDOWS\System32\fwpuclnt.dll
0x00007ffded4c0000 - 0x00007ffded4ca000 	C:\Windows\System32\rasadhlp.dll
0x0000000051080000 - 0x0000000051218000 	C:\Program Files\Java\jre1.8.0_77\bin\awt.dll
0x00007ffdf4310000 - 0x00007ffdf43d1000 	C:\WINDOWS\system32\OLEAUT32.dll
0x00007ffdf2820000 - 0x00007ffdf2949000 	C:\WINDOWS\system32\uxtheme.dll
0x00007ffdf1e70000 - 0x00007ffdf1e91000 	C:\WINDOWS\system32\dwmapi.dll
0x00007ffdf27e0000 - 0x00007ffdf27eb000 	C:\WINDOWS\SYSTEM32\kernel.appcore.dll
0x00007ffdf39f0000 - 0x00007ffdf39fb000 	C:\WINDOWS\SYSTEM32\CRYPTBASE.dll
0x00007ffdf3980000 - 0x00007ffdf39e3000 	C:\WINDOWS\SYSTEM32\bcryptPrimitives.dll
0x0000000051030000 - 0x0000000051077000 	C:\Program Files\Java\jre1.8.0_77\bin\fontmanager.dll
0x0000000050ce0000 - 0x0000000050d22000 	C:\Program Files\Java\jre1.8.0_77\bin\t2k.dll
0x0000000050c20000 - 0x0000000050c37000 	C:\Program Files\Java\jre1.8.0_77\bin\unpack.dll
0x00007ffdef600000 - 0x00007ffdef616000 	C:\WINDOWS\SYSTEM32\dhcpcsvc6.DLL
0x00007ffdef5e0000 - 0x00007ffdef5fa000 	C:\WINDOWS\SYSTEM32\dhcpcsvc.DLL
0x0000000180000000 - 0x0000000180051000 	C:\Users\Voxi\AppData\Roaming\.technic\modpacks\sword-craft-online-rpg\bin\natives\lwjgl64.dll
0x00007ffde2af0000 - 0x00007ffde2c1b000 	C:\WINDOWS\SYSTEM32\OPENGL32.dll
0x00007ffdee360000 - 0x00007ffdee38e000 	C:\WINDOWS\SYSTEM32\GLU32.dll
0x00007ffde3580000 - 0x00007ffde3678000 	C:\WINDOWS\SYSTEM32\DDRAW.dll
0x00007ffdf0180000 - 0x00007ffdf0189000 	C:\WINDOWS\SYSTEM32\DCIMAN32.dll
0x00007ffdf33f0000 - 0x00007ffdf3410000 	C:\WINDOWS\SYSTEM32\CRYPTSP.dll
0x00007ffdf3010000 - 0x00007ffdf3046000 	C:\WINDOWS\system32\rsaenh.dll
0x00007ffdf3640000 - 0x00007ffdf3666000 	C:\WINDOWS\SYSTEM32\bcrypt.dll
0x00007ffdd0540000 - 0x00007ffdd0d65000 	C:\WINDOWS\SYSTEM32\ig75icd64.dll
0x00007ffdedea0000 - 0x00007ffdee301000 	C:\WINDOWS\SYSTEM32\igdusc64.dll
0x00007ffdf0d70000 - 0x00007ffdf0e02000 	C:\WINDOWS\SYSTEM32\mscms.dll
0x00007ffdf0640000 - 0x00007ffdf0681000 	C:\WINDOWS\SYSTEM32\icm32.dll
0x00007ffdf3ac0000 - 0x00007ffdf3b06000 	C:\WINDOWS\SYSTEM32\powrprof.dll
0x0000000070a40000 - 0x0000000070adc000 	C:\Users\Voxi\AppData\Roaming\.technic\modpacks\sword-craft-online-rpg\bin\natives\avutil-ttv-51.dll
0x0000000065980000 - 0x00000000659d6000 	C:\Users\Voxi\AppData\Roaming\.technic\modpacks\sword-craft-online-rpg\bin\natives\swresample-ttv-0.dll
0x000000006eb80000 - 0x000000006ec50000 	C:\Users\Voxi\AppData\Roaming\.technic\modpacks\sword-craft-online-rpg\bin\natives\libmp3lame-ttv.dll
0x00007ffdbf730000 - 0x00007ffdc0ad4000 	C:\Users\Voxi\AppData\Roaming\.technic\modpacks\sword-craft-online-rpg\bin\natives\libmfxsw64.dll
0x00007ffde3d90000 - 0x00007ffde3ebb000 	C:\Users\Voxi\AppData\Roaming\.technic\modpacks\sword-craft-online-rpg\bin\natives\twitchsdk.dll
0x00007ffdeb110000 - 0x00007ffdeb393000 	C:\WINDOWS\SYSTEM32\WININET.dll
0x00007ffdeb3a0000 - 0x00007ffdeb668000 	C:\WINDOWS\SYSTEM32\iertutil.dll
0x0000000050c80000 - 0x0000000050ca4000 	C:\Program Files\Java\jre1.8.0_77\bin\sunec.dll
0x000000001e390000 - 0x000000001e3f4000 	C:\Users\Voxi\AppData\Roaming\.technic\modpacks\sword-craft-online-rpg\bin\natives\OpenAL64.dll
0x00007ffdf4050000 - 0x00007ffdf4106000 	C:\WINDOWS\SYSTEM32\clbcatq.dll
0x00007ffdf1480000 - 0x00007ffdf14f0000 	C:\WINDOWS\System32\MMDevApi.dll
0x00007ffdf0250000 - 0x00007ffdf02ed000 	C:\WINDOWS\SYSTEM32\dsound.dll
0x00007ffdeab30000 - 0x00007ffdeabae000 	C:\WINDOWS\SYSTEM32\AUDIOSES.DLL
0x0000000051020000 - 0x000000005102c000 	C:\Program Files\Java\jre1.8.0_77\bin\jsound.dll
0x0000000050500000 - 0x000000005050b000 	C:\Program Files\Java\jre1.8.0_77\bin\jsoundds.dll
0x00007ffde2cb0000 - 0x00007ffde2cee000 	C:\WINDOWS\SYSTEM32\wdmaud.drv
0x00007ffdefeb0000 - 0x00007ffdefeb8000 	C:\WINDOWS\SYSTEM32\ksuser.dll
0x00007ffdf0170000 - 0x00007ffdf017c000 	C:\WINDOWS\SYSTEM32\AVRT.dll
0x00007ffdf1990000 - 0x00007ffdf199b000 	C:\WINDOWS\SYSTEM32\msacm32.drv
0x00007ffde2ad0000 - 0x00007ffde2aec000 	C:\WINDOWS\SYSTEM32\MSACM32.dll
0x00007ffdf0190000 - 0x00007ffdf019a000 	C:\WINDOWS\SYSTEM32\midimap.dll
0x00007ffde43e0000 - 0x00007ffde4569000 	C:\WINDOWS\SYSTEM32\dbghelp.dll

VM Arguments:
jvm_args: -XX:HeapDumpPath=MojangTricksIntelDriversForPerformance_javaw.exe_minecraft.exe.heapdump -Xms3072m -Xmx3072m -Djava.library.path=C:\Users\Voxi\AppData\Roaming\.technic\modpacks\sword-craft-online-rpg\bin\natives -Dfml.core.libraries.mirror=http://mirror.technicpack.net/Technic/lib/fml/%s -Dminecraft.applet.TargetDirectory=C:\Users\Voxi\AppData\Roaming\.technic\modpacks\sword-craft-online-rpg -Djava.net.preferIPv4Stack=true 
java_command: net.minecraft.launchwrapper.Launch --username VoxiPlay --version 1.7.10-Forge10.13.4.1448-1.7.10 --gameDir C:\Users\Voxi\AppData\Roaming\.technic\modpacks\sword-craft-online-rpg --assetsDir C:\Users\Voxi\AppData\Roaming\.technic\assets --assetIndex 1.7.10 --uuid 8d2e08f1678540569cded7505b2d219f --accessToken 735030e589f14c28bc23e6cc8a69af69 --userProperties {} --userType mojang --tweakClass cpw.mods.fml.common.launcher.FMLTweaker --title Sword Craft Online [SAO-RPG] --icon C:\Users\Voxi\AppData\Roaming\.technic\assets\packs\sword-craft-online-rpg\icon.png
java_class_path (initial): C:\Users\Voxi\AppData\Roaming\.technic\modpacks\sword-craft-online-rpg\bin\modpack.jar;C:\Users\Voxi\AppData\Roaming\.technic\cache\net\minecraft\launchwrapper\1.11\launchwrapper-1.11.jar;C:\Users\Voxi\AppData\Roaming\.technic\cache\org\ow2\asm\asm-all\5.0.3\asm-all-5.0.3.jar;C:\Users\Voxi\AppData\Roaming\.technic\cache\com\typesafe\akka\akka-actor_2.11\2.3.3\akka-actor_2.11-2.3.3.jar;C:\Users\Voxi\AppData\Roaming\.technic\cache\com\typesafe\config\1.2.1\config-1.2.1.jar;C:\Users\Voxi\AppData\Roaming\.technic\cache\org\scala-lang\scala-actors-migration_2.11\1.1.0\scala-actors-migration_2.11-1.1.0.jar;C:\Users\Voxi\AppData\Roaming\.technic\cache\org\scala-lang\scala-compiler\2.11.1\scala-compiler-2.11.1.jar;C:\Users\Voxi\AppData\Roaming\.technic\cache\org\scala-lang\plugins\scala-continuations-library_2.11\1.0.2\scala-continuations-library_2.11-1.0.2.jar;C:\Users\Voxi\AppData\Roaming\.technic\cache\org\scala-lang\plugins\scala-continuations-plugin_2.11.1\1.0.2\scala-continuations-plugin_2.11.1-1.0.2.jar;C:\Users\Voxi\AppData\Roaming\.technic\cache\org\scala-lang\scala-library\2.11.1\scala-library-2.11.1.jar;C:\Users\Voxi\AppData\Roaming\.technic\cache\org\scala-lang\scala-parser-combinators_2.11\1.0.1\scala-parser-combinators_2.11-1.0.1.jar;C:\Users\Voxi\AppData\Roaming\.technic\cache\org\scala-lang\scala-reflect\2.11.1\scala-reflect-2.11.1.jar;C:\Users\Voxi\AppData\Roaming\.technic\cache\org\scala-lang\scala-swing_2.11\1.0.1\scala-swing_2.11-1.0.1.jar;C:\Users\Voxi\AppData\Roaming\.technic\cache\org\scala-lang\scala-xml_2.11\1.0.2\scala-xml_2.11-1.0.2.jar;C:\Users\Voxi\AppData\Roaming\.technic\cache\lzma\lzma\0.0.1\lzma-0.0.1.jar;C:\Users\Voxi\AppData\Roaming\.technic\cache\net\sf\jopt-simple\jopt-simple\4.5\jopt-simple-4.5.jar;C:\Users\Voxi\AppData\Roaming\.technic\cache\com\google\guava\guava\17.0\guava-17.0.jar;C:\Users\Voxi\AppData\Roaming\.technic\cache\org\apache\commons\commons-lang3\3.3.2\commons-lang3-3.3.2.jar;C:\Users\Voxi\App
Launcher Type: SUN_STANDARD

Environment Variables:
PATH=C:\ProgramData\Oracle\Java\javapath;C:\Program Files (x86)\Lenovo\FusionEngine;C:\Program Files (x86)\Intel\iCLS Client\;C:\Program Files\Intel\iCLS Client\;C:\Program Files (x86)\NVIDIA Corporation\PhysX\Common;C:\WINDOWS\system32;C:\WINDOWS;C:\WINDOWS\System32\Wbem;C:\WINDOWS\System32\WindowsPowerShell\v1.0\;C:\Program Files\Intel\Intel(R) Management Engine Components\DAL;C:\Program Files\Intel\Intel(R) Management Engine Components\IPT;C:\Program Files (x86)\Intel\Intel(R) Management Engine Components\DAL;C:\Program Files (x86)\Intel\Intel(R) Management Engine Components\IPT;C:\Program Files\Intel\WiFi\bin\;C:\Program Files\Common Files\Intel\WirelessCommon\;C:\Program Files (x86)\Common Files\lenovo\easyplussdk\bin;C:\Program Files (x86)\Skype\Phone\;C:\Program Files\Java\jre1.8.0_77\bin;C:\Program Files\Java\jre1.8.0_77\bin
USERNAME=Voxi
OS=Windows_NT
PROCESSOR_IDENTIFIER=Intel64 Family 6 Model 69 Stepping 1, GenuineIntel



---------------  S Y S T E M  ---------------

OS: Windows 8.1 , 64 bit Build 9600 (6.3.9600.17415)

CPU:total 4 (2 cores per cpu, 2 threads per core) family 6 model 69 stepping 1, cmov, cx8, fxsr, mmx, sse, sse2, sse3, ssse3, sse4.1, sse4.2, popcnt, avx, avx2, aes, clmul, erms, lzcnt, ht, tsc, tscinvbit, bmi1, bmi2

Memory: 4k page, physical 8278296k(1557240k free), swap 12793164k(2746576k free)

vm_info: Java HotSpot(TM) 64-Bit Server VM (25.77-b03) for windows-amd64 JRE (1.8.0_77-b03), built on Mar 20 2016 22:01:33 by "java_re" with MS VC++ 10.0 (VS2010)

time: Thu Apr 07 12:33:12 2016
elapsed time: 415 seconds (0d 0h 6m 55s)

